4728
1 2 1
1 3 1
1 4 1
5 2 1
6 2 1
7 2 1
8 2 1
9 2 1
10 2 1
11 2 1
12 2 1
13 2 1
14 2 1
15 2 1
16 2 1
17 2 1
18 2 1
19 2 1
20 2 1
21 2 1
22 2 1
23 2 1
24 2 1
25 2 1
26 2 1
27 2 1
28 2 1
29 2 1
30 2 1
31 2 1
32 2 1
33 2 1
34 2 1
35 2 1
36 2 1
37 2 1
38 2 1
39 2 1
40 2 1
41 2 1
42 2 1
43 2 1
44 2 1
45 2 1
46 2 1
47 2 1
48 2 1
49 2 1
50 2 1
51 2 1
52 2 1
53 2 1
54 2 1
55 2 1
56 2 1
57 2 1
58 2 1
59 2 1
60 2 1
61 2 1
62 2 1
63 2 1
64 2 1
65 2 1
66 2 1
67 2 1
68 2 1
69 2 1
70 2 1
71 2 1
72 2 1
73 2 1
74 2 1
75 2 1
76 2 1
77 2 1
78 2 1
79 2 1
80 2 1
81 2 1
82 2 1
83 2 1
84 2 1
85 2 1
86 2 1
87 2 1
88 2 1
89 2 1
90 2 1
91 2 1
92 2 1
93 2 1
94 2 1
95 2 1
96 2 1
97 2 1
98 2 1
99 2 1
100 2 1
101 2 1
102 2 1
103 2 1
104 2 1
105 2 1
106 2 1
107 2 1
108 2 1
109 2 1
110 2 1
111 2 1
112 2 1
113 2 1
114 2 1
115 2 1
116 2 1
117 2 1
118 2 1
119 2 1
120 2 1
121 2 1
122 2 1
123 2 1
124 2 1
125 2 1
126 2 1
127 2 1
128 2 1
129 2 1
130 2 1
131 2 1
132 2 1
133 2 1
134 2 1
135 2 1
136 2 1
137 2 1
138 2 1
139 2 1
140 2 1
141 2 1
142 2 1
143 2 1
144 2 1
145 2 1
146 2 1
147 2 1
148 2 1
149 2 1
150 2 1
151 2 1
152 2 1
153 2 1
154 2 1
155 2 1
156 2 1
157 2 1
158 2 1
159 2 1
160 2 1
161 2 1
162 2 1
163 2 1
164 2 1
165 2 1
166 2 1
167 2 1
168 2 1
169 2 1
170 2 1
171 2 1
172 2 1
173 2 1
174 2 1
175 2 1
176 2 1
177 2 1
178 2 1
179 2 1
180 2 1
181 2 1
182 2 1
183 2 1
184 2 1
185 2 1
186 2 1
187 2 1
188 2 1
189 2 1
190 2 1
191 2 1
192 2 1
193 2 1
194 2 1
195 2 1
196 2 1
197 2 1
198 2 1
199 2 1
200 2 1
201 2 1
202 2 1
203 2 1
204 2 1
205 2 1
206 2 1
207 2 1
208 2 1
209 2 1
210 2 1
211 2 1
212 2 1
213 2 1
214 2 1
215 2 1
216 2 1
217 2 1
218 2 1
219 2 1
220 2 1
221 2 1
222 2 1
223 2 1
224 2 1
225 2 1
226 2 1
227 2 1
228 2 1
229 2 1
230 2 1
231 2 1
232 2 1
233 2 1
234 2 1
235 2 1
236 2 1
237 2 1
238 2 1
239 2 1
240 2 1
241 2 1
242 2 1
243 2 1
244 2 1
245 2 1
246 2 1
247 2 1
248 2 1
249 2 1
250 2 1
251 2 1
252 2 1
253 2 1
254 2 1
255 2 1
256 2 1
257 2 1
258 2 1
259 2 1
260 2 1
261 2 1
262 2 1
263 2 1
264 2 1
265 2 1
266 2 1
267 2 1
268 2 1
269 2 1
270 2 1
271 2 1
272 2 1
273 2 1
274 2 1
275 2 1
276 2 1
277 2 1
278 2 1
279 2 1
280 2 1
281 2 1
282 2 1
283 2 1
284 2 1
285 2 1
286 2 1
287 2 1
288 2 1
289 2 1
290 2 1
291 2 1
292 2 1
293 2 1
294 2 1
295 2 1
296 2 1
297 2 1
298 2 1
299 2 1
300 2 1
301 2 1
302 2 1
303 2 1
304 2 1
305 2 1
306 2 1
307 2 1
308 2 1
309 2 1
310 2 1
311 2 1
312 2 1
313 2 1
314 2 1
315 2 1
316 2 1
317 2 1
318 2 1
319 2 1
320 2 1
321 2 1
322 2 1
323 2 1
324 2 1
325 2 1
326 2 1
327 2 1
328 2 1
329 2 1
330 2 1
331 2 1
332 2 1
333 2 1
334 2 1
335 2 1
336 2 1
337 2 1
338 2 1
339 2 1
340 2 1
341 2 1
342 2 1
343 2 1
344 2 1
345 2 1
346 2 1
347 2 1
348 2 1
349 2 1
350 2 1
351 2 1
352 2 1
353 2 1
354 2 1
355 2 1
356 2 1
357 2 1
358 2 1
359 2 1
360 2 1
361 2 1
362 2 1
363 2 1
364 2 1
365 2 1
366 2 1
367 2 1
368 2 1
369 2 1
370 2 1
371 2 1
372 2 1
373 2 1
374 2 1
375 2 1
376 2 1
377 2 1
378 2 1
379 2 1
380 2 1
381 2 1
382 2 1
383 2 1
384 2 1
385 2 1
386 2 1
387 2 1
388 2 1
389 2 1
390 2 1
391 2 1
392 2 1
393 2 1
394 2 1
395 2 1
396 2 1
397 2 1
398 2 1
399 2 1
400 2 1
401 2 1
402 2 1
403 2 1
404 2 1
405 2 1
406 2 1
407 2 1
408 2 1
409 2 1
410 2 1
411 2 1
412 2 1
413 2 1
414 2 1
415 2 1
416 2 1
417 2 1
418 2 1
419 2 1
420 2 1
421 2 1
422 2 1
423 2 1
424 2 1
425 2 1
426 2 1
427 2 1
428 2 1
429 2 1
430 2 1
431 2 1
432 2 1
433 2 1
434 2 1
435 2 1
436 2 1
437 2 1
438 2 1
439 2 1
440 2 1
441 2 1
442 2 1
443 2 1
444 2 1
445 2 1
446 2 1
447 2 1
448 2 1
449 2 1
450 2 1
451 2 1
452 2 1
453 2 1
454 2 1
455 2 1
456 2 1
457 2 1
458 2 1
459 2 1
460 2 1
461 2 1
462 2 1
463 2 1
464 2 1
465 2 1
466 2 1
467 2 1
468 2 1
469 2 1
470 2 1
471 2 1
472 2 1
473 2 1
474 2 1
475 2 1
476 2 1
477 2 1
478 2 1
479 2 1
480 2 1
481 2 1
482 2 1
483 2 1
484 2 1
485 2 1
486 2 1
487 2 1
488 2 1
489 2 1
490 2 1
491 2 1
492 2 1
493 2 1
494 2 1
495 2 1
496 2 1
497 2 1
498 2 1
499 2 1
500 2 1
501 2 1
502 2 1
503 2 1
504 2 1
505 2 1
506 2 1
507 2 1
508 2 1
509 2 1
510 2 1
511 2 1
512 2 1
513 2 1
514 2 1
515 2 1
516 2 1
517 2 1
518 2 1
519 2 1
520 2 1
521 2 1
522 2 1
523 2 1
524 2 1
525 2 1
526 2 1
527 2 1
528 2 1
529 2 1
530 2 1
531 2 1
532 2 1
533 2 1
534 2 1
535 2 1
536 2 1
537 2 1
538 2 1
539 2 1
540 2 1
541 2 1
542 2 1
543 2 1
544 2 1
545 2 1
546 2 1
547 2 1
548 2 1
549 2 1
550 2 1
551 2 1
552 2 1
553 2 1
554 2 1
555 2 1
556 2 1
557 2 1
558 2 1
559 2 1
560 2 1
561 2 1
562 2 1
563 2 1
564 2 1
565 2 1
566 2 1
567 2 1
568 2 1
569 2 1
570 2 1
571 2 1
572 2 1
573 2 1
574 2 1
575 2 1
576 2 1
577 2 1
578 2 1
579 2 1
580 2 1
581 2 1
582 2 1
583 2 1
584 2 1
585 2 1
586 2 1
587 2 1
588 2 1
589 2 1
590 2 1
591 2 1
592 2 1
593 2 1
594 2 1
595 2 1
596 2 1
597 2 1
598 2 1
599 2 1
600 2 1
601 2 1
602 2 1
603 2 1
604 2 1
605 2 1
606 2 1
607 2 1
608 2 1
609 2 1
610 2 1
611 2 1
612 2 1
613 2 1
614 2 1
615 2 1
616 2 1
617 2 1
618 2 1
619 2 1
620 2 1
621 2 1
622 2 1
623 2 1
624 2 1
625 2 1
626 2 1
627 2 1
628 2 1
629 2 1
630 2 1
631 2 1
632 2 1
633 2 1
634 2 1
635 2 1
636 2 1
637 2 1
638 2 1
639 2 1
640 2 1
641 2 1
642 2 1
643 2 1
644 2 1
645 2 1
646 2 1
647 2 1
648 2 1
649 2 1
650 2 1
651 2 1
652 2 1
653 2 1
654 2 1
655 2 1
656 2 1
657 2 1
658 2 1
659 2 1
660 2 1
661 2 1
662 2 1
663 2 1
664 2 1
665 2 1
666 2 1
667 2 1
668 2 1
669 2 1
670 2 1
671 2 1
672 2 1
673 2 1
674 2 1
675 2 1
676 2 1
677 2 1
678 2 1
679 2 1
680 2 1
681 2 1
682 2 1
683 2 1
684 2 1
685 2 1
686 2 1
687 2 1
688 2 1
689 2 1
690 2 1
691 2 1
692 2 1
693 2 1
694 2 1
695 2 1
696 2 1
697 2 1
698 2 1
699 2 1
700 2 1
701 2 1
702 2 1
703 2 1
704 2 1
705 2 1
706 2 1
707 2 1
708 2 1
709 2 1
710 2 1
711 2 1
712 2 1
713 2 1
714 2 1
715 2 1
716 2 1
717 2 1
718 2 1
719 2 1
720 2 1
721 2 1
722 2 1
723 2 1
724 2 1
725 2 1
726 2 1
727 2 1
728 2 1
729 2 1
730 2 1
731 2 1
732 2 1
733 2 1
734 2 1
735 2 1
736 2 1
737 2 1
738 2 1
739 2 1
740 2 1
741 2 1
742 2 1
743 2 1
744 2 1
745 2 1
746 2 1
747 2 1
748 2 1
749 2 1
750 2 1
751 2 1
752 2 1
753 2 1
754 2 1
755 2 1
756 2 1
757 2 1
758 2 1
759 2 1
760 2 1
761 2 1
762 2 1
763 2 1
764 2 1
765 2 1
766 2 1
767 2 1
768 2 1
769 2 1
770 2 1
771 2 1
772 2 1
773 2 1
774 2 1
775 2 1
776 2 1
777 2 1
778 2 1
779 2 1
780 2 1
781 2 1
782 2 1
783 2 1
784 2 1
785 2 1
786 2 1
787 2 1
788 2 1
789 2 1
790 2 1
791 2 1
792 2 1
793 2 1
794 2 1
795 2 1
796 2 1
797 2 1
798 2 1
799 2 1
800 2 1
801 2 1
802 2 1
803 2 1
804 2 1
805 2 1
806 2 1
807 2 1
808 2 1
809 2 1
810 2 1
811 2 1
812 2 1
813 2 1
814 2 1
815 2 1
816 2 1
817 2 1
818 2 1
819 2 1
820 2 1
821 2 1
822 2 1
823 2 1
824 2 1
825 2 1
826 2 1
827 2 1
828 2 1
829 2 1
830 2 1
831 2 1
832 2 1
833 2 1
834 2 1
835 2 1
836 2 1
837 2 1
838 2 1
839 2 1
840 2 1
841 2 1
842 2 1
843 2 1
844 2 1
845 2 1
846 2 1
847 2 1
848 2 1
849 2 1
850 2 1
851 2 1
852 2 1
853 2 1
854 2 1
855 2 1
856 2 1
857 2 1
858 2 1
859 2 1
860 2 1
861 2 1
862 2 1
863 2 1
864 2 1
865 2 1
866 2 1
867 2 1
868 2 1
869 2 1
870 2 1
871 2 1
872 2 1
873 2 1
874 2 1
875 2 1
876 2 1
877 2 1
878 2 1
879 2 1
880 2 1
881 2 1
882 2 1
883 2 1
884 2 1
885 2 1
886 2 1
887 2 1
888 2 1
889 2 1
890 2 1
891 2 1
892 2 1
893 2 1
894 2 1
895 2 1
896 2 1
897 2 1
898 2 1
899 2 1
900 2 1
901 2 1
902 2 1
903 2 1
904 2 1
905 2 1
906 2 1
907 2 1
908 2 1
909 2 1
910 2 1
911 2 1
912 2 1
913 2 1
914 2 1
915 2 1
916 2 1
917 2 1
918 2 1
919 2 1
920 2 1
921 2 1
922 2 1
923 2 1
924 2 1
925 2 1
926 2 1
927 2 1
928 2 1
929 2 1
930 2 1
931 2 1
932 2 1
933 2 1
934 2 1
935 2 1
936 2 1
937 2 1
938 2 1
939 2 1
940 2 1
941 2 1
942 2 1
943 2 1
944 2 1
945 2 1
946 2 1
947 2 1
948 2 1
949 2 1
950 2 1
951 2 1
952 2 1
953 2 1
954 2 1
955 2 1
956 2 1
957 2 1
958 2 1
959 2 1
960 2 1
961 2 1
962 2 1
963 2 1
964 2 1
965 2 1
966 2 1
967 2 1
968 2 1
969 2 1
970 2 1
971 2 1
972 2 1
973 2 1
974 2 1
975 2 1
976 2 1
977 2 1
978 2 1
979 2 1
980 2 1
981 2 1
982 2 1
983 2 1
984 2 1
985 2 1
986 2 1
987 2 1
988 2 1
989 2 1
990 2 1
991 2 1
992 2 1
993 2 1
994 2 1
995 2 1
996 2 1
997 2 1
998 2 1
999 2 1
1000 2 1
1001 2 1
1002 2 1
1003 2 1
1004 2 1
1005 2 1
1006 2 1
1007 2 1
1008 2 1
1009 2 1
1010 2 1
1011 2 1
1012 2 1
1013 2 1
1014 2 1
1015 2 1
1016 2 1
1017 2 1
1018 2 1
1019 2 1
1020 2 1
1021 2 1
1022 2 1
1023 2 1
1024 2 1
1025 2 1
1026 2 1
1027 2 1
1028 2 1
1029 2 1
1030 2 1
1031 2 1
1032 2 1
1033 2 1
1034 2 1
1035 2 1
1036 2 1
1037 2 1
1038 2 1
1039 2 1
1040 2 1
1041 2 1
1042 2 1
1043 2 1
1044 2 1
1045 2 1
1046 2 1
1047 2 1
1048 2 1
1049 2 1
1050 2 1
1051 2 1
1052 2 1
1053 2 1
1054 2 1
1055 2 1
1056 2 1
1057 2 1
1058 2 1
1059 2 1
1060 2 1
1061 2 1
1062 2 1
1063 2 1
1064 2 1
1065 2 1
1066 2 1
1067 2 1
1068 2 1
1069 2 1
1070 2 1
1071 2 1
1072 2 1
1073 2 1
1074 2 1
1075 2 1
1076 2 1
1077 2 1
1078 2 1
1079 2 1
1080 2 1
1081 2 1
1082 2 1
1083 2 1
1084 2 1
1085 2 1
1086 2 1
1087 2 1
1088 2 1
1089 2 1
1090 2 1
1091 2 1
1092 2 1
1093 2 1
1094 2 1
1095 2 1
1096 2 1
1097 2 1
1098 2 1
1099 2 1
1100 2 1
1101 2 1
1102 2 1
1103 2 1
1104 2 1
1105 2 1
1106 2 1
1107 2 1
1108 2 1
1109 2 1
1110 2 1
1111 2 1
1112 2 1
1113 2 1
1114 2 1
1115 2 1
1116 2 1
1117 2 1
1118 2 1
1119 2 1
1120 2 1
1121 2 1
1122 2 1
1123 2 1
1124 2 1
1125 2 1
1126 2 1
1127 2 1
1128 2 1
1129 2 1
1130 2 1
1131 2 1
1132 2 1
1133 2 1
1134 2 1
1135 2 1
1136 2 1
1137 2 1
1138 2 1
1139 2 1
1140 2 1
1141 2 1
1142 2 1
1143 2 1
1144 2 1
1145 2 1
1146 2 1
1147 2 1
1148 2 1
1149 2 1
1150 2 1
1151 2 1
1152 2 1
1153 2 1
1154 2 1
1155 2 1
1156 2 1
1157 2 1
1158 2 1
1159 2 1
1160 2 1
1161 2 1
1162 2 1
1163 2 1
1164 2 1
1165 2 1
1166 2 1
1167 2 1
1168 2 1
1169 2 1
1170 2 1
1171 2 1
1172 2 1
1173 2 1
1174 2 1
1175 2 1
1176 2 1
1177 2 1
1178 2 1
1179 2 1
1180 2 1
1181 2 1
1182 2 1
1183 2 1
1184 2 1
1185 2 1
1186 2 1
1187 2 1
1188 2 1
1189 2 1
1190 2 1
1191 2 1
1192 2 1
1193 2 1
1194 2 1
1195 2 1
1196 2 1
1197 2 1
1198 2 1
1199 2 1
1200 2 1
1201 2 1
1202 2 1
1203 2 1
1204 2 1
1205 2 1
1206 2 1
1207 2 1
1208 2 1
1209 2 1
1210 2 1
1211 2 1
1212 2 1
1213 2 1
1214 2 1
1215 2 1
1216 2 1
1217 2 1
1218 2 1
1219 2 1
1220 2 1
1221 2 1
1222 2 1
1223 2 1
1224 2 1
1225 2 1
1226 2 1
1227 2 1
1228 2 1
1229 2 1
1230 2 1
1231 2 1
1232 2 1
1233 2 1
1234 2 1
1235 2 1
1236 2 1
1237 2 1
1238 2 1
1239 2 1
1240 2 1
1241 2 1
1242 2 1
1243 2 1
1244 2 1
1245 2 1
1246 2 1
1247 2 1
1248 2 1
1249 2 1
1250 2 1
1251 2 1
1252 2 1
1253 2 1
1254 2 1
1255 2 1
1256 2 1
1257 2 1
1258 2 1
1259 2 1
1260 2 1
1261 2 1
1262 2 1
1263 2 1
1264 2 1
1265 2 1
1266 2 1
1267 2 1
1268 2 1
1269 2 1
1270 2 1
1271 2 1
1272 2 1
1273 2 1
1274 2 1
1275 2 1
1276 2 1
1277 2 1
1278 2 1
1279 2 1
1280 2 1
1281 2 1
1282 2 1
1283 2 1
1284 2 1
1285 2 1
1286 2 1
1287 2 1
1288 2 1
1289 2 1
1290 2 1
1291 2 1
1292 2 1
1293 2 1
1294 2 1
1295 2 1
1296 2 1
1297 2 1
1298 2 1
1299 2 1
1300 2 1
1301 2 1
1302 2 1
1303 2 1
1304 2 1
1305 2 1
1306 2 1
1307 2 1
1308 2 1
1309 2 1
1310 2 1
1311 2 1
1312 2 1
1313 2 1
1314 2 1
1315 2 1
1316 2 1
1317 2 1
1318 2 1
1319 2 1
1320 2 1
1321 2 1
1322 2 1
1323 2 1
1324 2 1
1325 2 1
1326 2 1
1327 2 1
1328 2 1
1329 2 1
1330 2 1
1331 2 1
1332 2 1
1333 2 1
1334 2 1
1335 2 1
1336 2 1
1337 2 1
1338 2 1
1339 2 1
1340 2 1
1341 2 1
1342 2 1
1343 2 1
1344 2 1
1345 2 1
1346 2 1
1347 2 1
1348 2 1
1349 2 1
1350 2 1
1351 2 1
1352 2 1
1353 2 1
1354 2 1
1355 2 1
1356 2 1
1357 2 1
1358 2 1
1359 2 1
1360 2 1
1361 2 1
1362 2 1
1363 2 1
1364 2 1
1365 2 1
1366 2 1
1367 2 1
1368 2 1
1369 2 1
1370 2 1
1371 2 1
1372 2 1
1373 2 1
1374 2 1
1375 2 1
1376 2 1
1377 2 1
1378 2 1
1379 2 1
1380 2 1
1381 2 1
1382 2 1
1383 2 1
1384 2 1
1385 2 1
1386 2 1
1387 2 1
1388 2 1
1389 2 1
1390 2 1
1391 2 1
1392 2 1
1393 2 1
1394 2 1
1395 2 1
1396 2 1
1397 2 1
1398 2 1
1399 2 1
1400 2 1
1401 2 1
1402 2 1
1403 2 1
1404 2 1
1405 2 1
1406 2 1
1407 2 1
1408 2 1
1409 2 1
1410 2 1
1411 2 1
1412 2 1
1413 2 1
1414 2 1
1415 2 1
1416 2 1
1417 2 1
1418 2 1
1419 2 1
1420 2 1
1421 2 1
1422 2 1
1423 2 1
1424 2 1
1425 2 1
1426 2 1
1427 2 1
1428 2 1
1429 2 1
1430 2 1
1431 2 1
1432 2 1
1433 2 1
1434 2 1
1435 2 1
1436 2 1
1437 2 1
1438 2 1
1439 2 1
1440 2 1
1441 2 1
1442 2 1
1443 2 1
1444 2 1
1445 2 1
1446 2 1
1447 2 1
1448 2 1
1449 2 1
1450 2 1
1451 2 1
1452 2 1
1453 2 1
1454 2 1
1455 2 1
1456 2 1
1457 2 1
1458 2 1
1459 2 1
1460 2 1
1461 2 1
1462 2 1
1463 2 1
1464 2 1
1465 2 1
1466 2 1
1467 2 1
1468 2 1
1469 2 1
1470 2 1
1471 2 1
1472 2 1
1473 2 1
1474 2 1
1475 2 1
1476 2 1
1477 2 1
1478 2 1
1479 2 1
1480 2 1
1481 2 1
1482 2 1
1483 2 1
1484 2 1
1485 2 1
1486 2 1
1487 2 1
1488 2 1
1489 2 1
1490 2 1
1491 2 1
1492 2 1
1493 2 1
1494 2 1
1495 2 1
1496 2 1
1497 2 1
1498 2 1
1499 2 1
1500 2 1
1501 2 1
1502 2 1
1503 2 1
1504 2 1
1505 2 1
1506 2 1
1507 2 1
1508 2 1
1509 2 1
1510 2 1
1511 2 1
1512 2 1
1513 2 1
1514 2 1
1515 2 1
1516 2 1
1517 2 1
1518 2 1
1519 2 1
1520 2 1
1521 2 1
1522 2 1
1523 2 1
1524 2 1
1525 2 1
1526 2 1
1527 2 1
1528 2 1
1529 2 1
1530 2 1
1531 2 1
1532 2 1
1533 2 1
1534 2 1
1535 2 1
1536 2 1
1537 2 1
1538 2 1
1539 2 1
1540 2 1
1541 2 1
1542 2 1
1543 2 1
1544 2 1
1545 2 1
1546 2 1
1547 2 1
1548 2 1
1549 2 1
1550 2 1
1551 2 1
1552 2 1
1553 2 1
1554 2 1
1555 2 1
1556 2 1
1557 2 1
1558 2 1
1559 2 1
1560 2 1
1561 2 1
1562 2 1
1563 2 1
1564 2 1
1565 2 1
1566 2 1
1567 2 1
1568 2 1
1569 2 1
1570 2 1
1571 2 1
1572 2 1
1573 2 1
1574 2 1
1575 2 1
1576 2 1
1577 2 1
1578 2 1
1579 2 1
1580 2 1
1581 2 1
1582 2 1
1583 2 1
1584 2 1
1585 2 1
1586 2 1
1587 2 1
1588 2 1
1589 2 1
1590 2 1
1591 2 1
1592 2 1
1593 2 1
1594 2 1
1595 2 1
1596 2 1
1597 2 1
1598 2 1
1599 2 1
1600 2 1
1601 2 1
1602 2 1
1603 2 1
1604 2 1
1605 2 1
1606 2 1
1607 2 1
1608 2 1
1609 2 1
1610 2 1
1611 2 1
1612 2 1
1613 2 1
1614 2 1
1615 2 1
1616 2 1
1617 2 1
1618 2 1
1619 2 1
1620 2 1
1621 2 1
1622 2 1
1623 2 1
1624 2 1
1625 2 1
1626 2 1
1627 2 1
1628 2 1
1629 2 1
1630 2 1
1631 2 1
1632 2 1
1633 2 1
1634 2 1
1635 2 1
1636 2 1
1637 2 1
1638 2 1
1639 2 1
1640 2 1
1641 2 1
1642 2 1
1643 2 1
1644 2 1
1645 2 1
1646 2 1
1647 2 1
1648 2 1
1649 2 1
1650 2 1
1651 2 1
1652 2 1
1653 2 1
1654 2 1
1655 2 1
1656 2 1
1657 2 1
1658 2 1
1659 2 1
1660 2 1
1661 2 1
1662 2 1
1663 2 1
1664 2 1
1665 2 1
1666 2 1
1667 2 1
1668 2 1
1669 2 1
1670 2 1
1671 2 1
1672 2 1
1673 2 1
1674 2 1
1675 2 1
1676 2 1
1677 2 1
1678 2 1
1679 2 1
1680 2 1
1681 2 1
1682 2 1
1683 2 1
1684 2 1
1685 2 1
1686 2 1
1687 2 1
1688 2 1
1689 2 1
1690 2 1
1691 2 1
1692 2 1
1693 2 1
1694 2 1
1695 2 1
1696 2 1
1697 2 1
1698 2 1
1699 2 1
1700 2 1
1701 2 1
1702 2 1
1703 2 1
1704 2 1
1705 2 1
1706 2 1
1707 2 1
1708 2 1
1709 2 1
1710 2 1
1711 2 1
1712 2 1
1713 2 1
1714 2 1
1715 2 1
1716 2 1
1717 2 1
1718 2 1
1719 2 1
1720 2 1
1721 2 1
1722 2 1
1723 2 1
1724 2 1
1725 2 1
1726 2 1
1727 2 1
1728 2 1
1729 2 1
1730 2 1
1731 2 1
1732 2 1
1733 2 1
1734 2 1
1735 2 1
1736 2 1
1737 2 1
1738 2 1
1739 2 1
1740 2 1
1741 2 1
1742 2 1
1743 2 1
1744 2 1
1745 2 1
1746 2 1
1747 2 1
1748 2 1
1749 2 1
1750 2 1
1751 2 1
1752 2 1
1753 2 1
1754 2 1
1755 2 1
1756 2 1
1757 2 1
1758 2 1
1759 2 1
1760 2 1
1761 2 1
1762 2 1
1763 2 1
1764 2 1
1765 2 1
1766 2 1
1767 2 1
1768 2 1
1769 2 1
1770 2 1
1771 2 1
1772 2 1
1773 2 1
1774 2 1
1775 2 1
1776 2 1
1777 2 1
1778 2 1
1779 2 1
1780 2 1
1781 2 1
1782 2 1
1783 2 1
1784 2 1
1785 2 1
1786 2 1
1787 2 1
1788 2 1
1789 2 1
1790 2 1
1791 2 1
1792 2 1
1793 2 1
1794 2 1
1795 2 1
1796 2 1
1797 2 1
1798 2 1
1799 2 1
1800 2 1
1801 2 1
1802 2 1
1803 2 1
1804 2 1
1805 2 1
1806 2 1
1807 2 1
1808 2 1
1809 2 1
1810 2 1
1811 2 1
1812 2 1
1813 2 1
1814 2 1
1815 2 1
1816 2 1
1817 2 1
1818 2 1
1819 2 1
1820 2 1
1821 2 1
1822 2 1
1823 2 1
1824 2 1
1825 2 1
1826 2 1
1827 2 1
1828 2 1
1829 2 1
1830 2 1
1831 2 1
1832 2 1
1833 2 1
1834 2 1
1835 2 1
1836 2 1
1837 2 1
1838 2 1
1839 2 1
1840 2 1
1841 2 1
1842 2 1
1843 2 1
1844 2 1
1845 2 1
1846 2 1
1847 2 1
1848 2 1
1849 2 1
1850 2 1
1851 2 1
1852 2 1
1853 2 1
1854 2 1
1855 2 1
1856 2 1
1857 2 1
1858 2 1
1859 2 1
1860 2 1
1861 2 1
1862 2 1
1863 2 1
1864 2 1
1865 2 1
1866 2 1
1867 2 1
1868 2 1
1869 2 1
1870 2 1
1871 2 1
1872 2 1
1873 2 1
1874 2 1
1875 2 1
1876 2 1
1877 2 1
1878 2 1
1879 2 1
1880 2 1
1881 2 1
1882 2 1
1883 2 1
1884 2 1
1885 2 1
1886 2 1
1887 2 1
1888 2 1
1889 2 1
1890 2 1
1891 2 1
1892 2 1
1893 2 1
1894 2 1
1895 2 1
1896 2 1
1897 2 1
1898 2 1
1899 2 1
1900 2 1
1901 2 1
1902 2 1
1903 2 1
1904 2 1
1905 2 1
1906 2 1
1907 2 1
1908 2 1
1909 2 1
1910 2 1
1911 2 1
1912 2 1
1913 2 1
1914 2 1
1915 2 1
1916 2 1
1917 2 1
1918 2 1
1919 2 1
1920 2 1
1921 2 1
1922 2 1
1923 2 1
1924 2 1
1925 2 1
1926 2 1
1927 2 1
1928 2 1
1929 2 1
1930 2 1
1931 2 1
1932 2 1
1933 2 1
1934 2 1
1935 2 1
1936 2 1
1937 2 1
1938 2 1
1939 2 1
1940 2 1
1941 2 1
1942 2 1
1943 2 1
1944 2 1
1945 2 1
1946 2 1
1947 2 1
1948 2 1
1949 2 1
1950 2 1
1951 2 1
1952 2 1
1953 2 1
1954 2 1
1955 2 1
1956 2 1
1957 2 1
1958 2 1
1959 2 1
1960 2 1
1961 2 1
1962 2 1
1963 2 1
1964 2 1
1965 2 1
1966 2 1
1967 2 1
1968 2 1
1969 2 1
1970 2 1
1971 2 1
1972 2 1
1973 2 1
1974 2 1
1975 2 1
1976 2 1
1977 2 1
1978 2 1
1979 2 1
1980 2 1
1981 2 1
1982 2 1
1983 2 1
1984 2 1
1985 2 1
1986 2 1
1987 2 1
1988 2 1
1989 2 1
1990 2 1
1991 2 1
1992 2 1
1993 2 1
1994 2 1
1995 2 1
1996 2 1
1997 2 1
1998 2 1
1999 2 1
2000 2 1
2001 2 1
2002 2 1
2003 2 1
2004 2 1
2005 2 1
2006 2 1
2007 2 1
2008 2 1
2009 2 1
2010 2 1
2011 2 1
2012 2 1
2013 2 1
2014 2 1
2015 2 1
2016 2 1
2017 2 1
2018 2 1
2019 2 1
2020 2 1
2021 2 1
2022 2 1
2023 2 1
2024 2 1
2025 2 1
2026 2 1
2027 2 1
2028 2 1
2029 2 1
2030 2 1
2031 2 1
2032 2 1
2033 2 1
2034 2 1
2035 2 1
2036 2 1
2037 2 1
2038 2 1
2039 2 1
2040 2 1
2041 2 1
2042 2 1
2043 2 1
2044 2 1
2045 2 1
2046 2 1
2047 2 1
2048 2 1
2049 2 1
2050 2 1
2051 2 1
2052 2 1
2053 2 1
2054 2 1
2055 2 1
2056 2 1
2057 2 1
2058 2 1
2059 2 1
2060 2 1
2061 2 1
2062 2 1
2063 2 1
2064 2 1
2065 2 1
2066 2 1
2067 2 1
2068 2 1
2069 2 1
2070 2 1
2071 2 1
2072 2 1
2073 2 1
2074 2 1
2075 2 1
2076 2 1
2077 2 1
2078 2 1
2079 2 1
2080 2 1
2081 2 1
2082 2 1
2083 2 1
2084 2 1
2085 2 1
2086 2 1
2087 2 1
2088 2 1
2089 2 1
2090 2 1
2091 2 1
2092 2 1
2093 2 1
2094 2 1
2095 2 1
2096 2 1
2097 2 1
2098 2 1
2099 2 1
2100 2 1
2101 2 1
2102 2 1
2103 2 1
2104 2 1
2105 2 1
2106 2 1
2107 2 1
2108 2 1
2109 2 1
2110 2 1
2111 2 1
2112 2 1
2113 2 1
2114 2 1
2115 2 1
2116 2 1
2117 2 1
2118 2 1
2119 2 1
2120 2 1
2121 2 1
2122 2 1
2123 2 1
2124 2 1
2125 2 1
2126 2 1
2127 2 1
2128 2 1
2129 2 1
2130 2 1
2131 2 1
2132 2 1
2133 2 1
2134 2 1
2135 2 1
2136 2 1
2137 2 1
2138 2 1
2139 2 1
2140 2 1
2141 2 1
2142 2 1
2143 2 1
2144 2 1
2145 2 1
2146 2 1
2147 2 1
2148 2 1
2149 2 1
2150 2 1
2151 2 1
2152 2 1
2153 2 1
2154 2 1
2155 2 1
2156 2 1
2157 2 1
2158 2 1
2159 2 1
2160 2 1
2161 2 1
2162 2 1
2163 2 1
2164 2 1
2165 2 1
2166 2 1
2167 2 1
2168 2 1
2169 2 1
2170 2 1
2171 2 1
2172 2 1
2173 2 1
2174 2 1
2175 2 1
2176 2 1
2177 2 1
2178 2 1
2179 2 1
2180 2 1
2181 2 1
2182 2 1
2183 2 1
2184 2 1
2185 2 1
2186 2 1
2187 2 1
2188 2 1
2189 2 1
2190 2 1
2191 2 1
2192 2 1
2193 2 1
2194 2 1
2195 2 1
2196 2 1
2197 2 1
2198 2 1
2199 2 1
2200 2 1
2201 2 1
2202 2 1
2203 2 1
2204 2 1
2205 2 1
2206 2 1
2207 2 1
2208 2 1
2209 2 1
2210 2 1
2211 2 1
2212 2 1
2213 2 1
2214 2 1
2215 2 1
2216 2 1
2217 2 1
2218 2 1
2219 2 1
2220 2 1
2221 2 1
2222 2 1
2223 2 1
2224 2 1
2225 2 1
2226 2 1
2227 2 1
2228 2 1
2229 2 1
2230 2 1
2231 2 1
2232 2 1
2233 2 1
2234 2 1
2235 2 1
2236 2 1
2237 2 1
2238 2 1
2239 2 1
2240 2 1
2241 2 1
2242 2 1
2243 2 1
2244 2 1
2245 2 1
2246 2 1
2247 2 1
2248 2 1
2249 2 1
2250 2 1
2251 2 1
2252 2 1
2253 2 1
2254 2 1
2255 2 1
2256 2 1
2257 2 1
2258 2 1
2259 2 1
2260 2 1
2261 2 1
2262 2 1
2263 2 1
2264 2 1
2265 2 1
2266 2 1
2267 2 1
2268 2 1
2269 2 1
2270 2 1
2271 2 1
2272 2 1
2273 2 1
2274 2 1
2275 2 1
2276 2 1
2277 2 1
2278 2 1
2279 2 1
2280 2 1
2281 2 1
2282 2 1
2283 2 1
2284 2 1
2285 2 1
2286 2 1
2287 2 1
2288 2 1
2289 2 1
2290 2 1
2291 2 1
2292 2 1
2293 2 1
2294 2 1
2295 2 1
2296 2 1
2297 2 1
2298 2 1
2299 2 1
2300 2 1
2301 2 1
2302 2 1
2303 2 1
2304 2 1
2305 2 1
2306 2 1
2307 2 1
2308 2 1
2309 2 1
2310 2 1
2311 2 1
2312 2 1
2313 2 1
2314 2 1
2315 2 1
2316 2 1
2317 2 1
2318 2 1
2319 2 1
2320 2 1
2321 2 1
2322 2 1
2323 2 1
2324 2 1
2325 2 1
2326 2 1
2327 2 1
2328 2 1
2329 2 1
2330 2 1
2331 2 1
2332 2 1
2333 2 1
2334 2 1
2335 2 1
2336 2 1
2337 2 1
2338 2 1
2339 2 1
2340 2 1
2341 2 1
2342 2 1
2343 2 1
2344 2 1
2345 2 1
2346 2 1
2347 2 1
2348 2 1
2349 2 1
2350 2 1
2351 2 1
2352 2 1
2353 2 1
2354 2 1
2355 2 1
2356 2 1
2357 2 1
2358 2 1
2359 2 1
2360 2 1
2361 2 1
2362 2 1
2363 2 1
2364 2 1
2365 2 1
2366 2 1
2367 2 1
2368 2 1
2369 2 1
2370 2 1
2371 2 1
2372 2 1
2373 2 1
2374 2 1
2375 2 1
2376 2 1
2377 2 1
2378 2 1
2379 2 1
2380 2 1
2381 2 1
2382 2 1
2383 2 1
2384 2 1
2385 2 1
2386 2 1
2387 2 1
2388 2 1
2389 2 1
2390 2 1
2391 2 1
2392 2 1
2393 2 1
2394 2 1
2395 2 1
2396 2 1
2397 2 1
2398 2 1
2399 2 1
2400 2 1
2401 2 1
2402 2 1
2403 2 1
2404 2 1
2405 2 1
2406 2 1
2407 2 1
2408 2 1
2409 2 1
2410 2 1
2411 2 1
2412 2 1
2413 2 1
2414 2 1
2415 2 1
2416 2 1
2417 2 1
2418 2 1
2419 2 1
2420 2 1
2421 2 1
2422 2 1
2423 2 1
2424 2 1
2425 2 1
2426 2 1
2427 2 1
2428 2 1
2429 2 1
2430 2 1
2431 2 1
2432 2 1
2433 2 1
2434 2 1
2435 2 1
2436 2 1
2437 2 1
2438 2 1
2439 2 1
2440 2 1
2441 2 1
2442 2 1
2443 2 1
2444 2 1
2445 2 1
2446 2 1
2447 2 1
2448 2 1
2449 2 1
2450 2 1
2451 2 1
2452 2 1
2453 2 1
2454 2 1
2455 2 1
2456 2 1
2457 2 1
2458 2 1
2459 2 1
2460 2 1
2461 2 1
2462 2 1
2463 2 1
2464 2 1
2465 2 1
2466 2 1
2467 2 1
2468 2 1
2469 2 1
2470 2 1
2471 2 1
2472 2 1
2473 2 1
2474 2 1
2475 2 1
2476 2 1
2477 2 1
2478 2 1
2479 2 1
2480 2 1
2481 2 1
2482 2 1
2483 2 1
2484 2 1
2485 2 1
2486 2 1
2487 2 1
2488 2 1
2489 2 1
2490 2 1
2491 2 1
2492 2 1
2493 2 1
2494 2 1
2495 2 1
2496 2 1
2497 2 1
2498 2 1
2499 2 1
2500 2 1
2501 2 1
2502 2 1
2503 2 1
2504 2 1
2505 2 1
2506 2 1
2507 2 1
2508 2 1
2509 2 1
2510 2 1
2511 2 1
2512 2 1
2513 2 1
2514 2 1
2515 2 1
2516 2 1
2517 2 1
2518 2 1
2519 2 1
2520 2 1
2521 2 1
2522 2 1
2523 2 1
2524 2 1
2525 2 1
2526 2 1
2527 2 1
2528 2 1
2529 2 1
2530 2 1
2531 2 1
2532 2 1
2533 2 1
2534 2 1
2535 2 1
2536 2 1
2537 2 1
2538 2 1
2539 2 1
2540 2 1
2541 2 1
2542 2 1
2543 2 1
2544 2 1
2545 2 1
2546 2 1
2547 2 1
2548 2 1
2549 2 1
2550 2 1
2551 2 1
2552 2 1
2553 2 1
2554 2 1
2555 2 1
2556 2 1
2557 2 1
2558 2 1
2559 2 1
2560 2 1
2561 2 1
2562 2 1
2563 2 1
2564 2 1
2565 2 1
2566 2 1
2567 2 1
2568 2 1
2569 2 1
2570 2 1
2571 2 1
2572 2 1
2573 2 1
2574 2 1
2575 2 1
2576 2 1
2577 2 1
2578 2 1
2579 2 1
2580 2 1
2581 2 1
2582 2 1
2583 2 1
2584 2 1
2585 2 1
2586 2 1
2587 2 1
2588 2 1
2589 2 1
2590 2 1
2591 2 1
2592 2 1
2593 2 1
2594 2 1
2595 2 1
2596 2 1
2597 2 1
2598 2 1
2599 2 1
2600 2 1
2601 2 1
2602 2 1
2603 2 1
2604 2 1
2605 2 1
2606 2 1
2607 2 1
2608 2 1
2609 2 1
2610 2 1
2611 2 1
2612 2 1
2613 2 1
2614 2 1
2615 2 1
2616 2 1
2617 2 1
2618 2 1
2619 2 1
2620 2 1
2621 2 1
2622 2 1
2623 2 1
2624 2 1
2625 2 1
2626 2 1
2627 2 1
2628 2 1
2629 2 1
2630 2 1
2631 2 1
2632 2 1
2633 2 1
2634 2 1
2635 2 1
2636 2 1
2637 2 1
2638 2 1
2639 2 1
2640 2 1
2641 2 1
2642 2 1
2643 2 1
2644 2 1
2645 2 1
2646 2 1
2647 2 1
2648 2 1
2649 2 1
2650 2 1
2651 2 1
2652 2 1
2653 2 1
2654 2 1
2655 2 1
2656 2 1
2657 2 1
2658 2 1
2659 2 1
2660 2 1
2661 2 1
2662 2 1
2663 2 1
2664 2 1
2665 2 1
2666 2 1
2667 2 1
2668 2 1
2669 2 1
2670 2 1
2671 2 1
2672 2 1
2673 2 1
2674 2 1
2675 2 1
2676 2 1
2677 2 1
2678 2 1
2679 2 1
2680 2 1
2681 2 1
2682 2 1
2683 2 1
2684 2 1
2685 2 1
2686 2 1
2687 2 1
2688 2 1
2689 2 1
2690 2 1
2691 2 1
2692 2 1
2693 2 1
2694 2 1
2695 2 1
2696 2 1
2697 2 1
2698 2 1
2699 2 1
2700 2 1
2701 2 1
2702 2 1
2703 2 1
2704 2 1
2705 2 1
2706 2 1
2707 2 1
2708 2 1
2709 2 1
2710 2 1
2711 2 1
2712 2 1
2713 2 1
2714 2 1
2715 2 1
2716 2 1
2717 2 1
2718 2 1
2719 2 1
2720 2 1
2721 2 1
2722 2 1
2723 2 1
2724 2 1
2725 2 1
2726 2 1
2727 2 1
2728 2 1
2729 2 1
2730 2 1
2731 2 1
2732 2 1
2733 2 1
2734 2 1
2735 2 1
2736 2 1
2737 2 1
2738 2 1
2739 2 1
2740 2 1
2741 2 1
2742 2 1
2743 2 1
2744 2 1
2745 2 1
2746 2 1
2747 2 1
2748 2 1
2749 2 1
2750 2 1
2751 2 1
2752 2 1
2753 2 1
2754 2 1
2755 2 1
2756 2 1
2757 2 1
2758 2 1
2759 2 1
2760 2 1
2761 2 1
2762 2 1
2763 2 1
2764 2 1
2765 2 1
2766 2 1
2767 2 1
2768 2 1
2769 2 1
2770 2 1
2771 2 1
2772 2 1
2773 2 1
2774 2 1
2775 2 1
2776 2 1
2777 2 1
2778 2 1
2779 2 1
2780 2 1
2781 2 1
2782 2 1
2783 2 1
2784 2 1
2785 2 1
2786 2 1
2787 2 1
2788 2 1
2789 2 1
2790 2 1
2791 2 1
2792 2 1
2793 2 1
2794 2 1
2795 2 1
2796 2 1
2797 2 1
2798 2 1
2799 2 1
2800 2 1
2801 2 1
2802 2 1
2803 2 1
2804 2 1
2805 2 1
2806 2 1
2807 2 1
2808 2 1
2809 2 1
2810 2 1
2811 2 1
2812 2 1
2813 2 1
2814 2 1
2815 2 1
2816 2 1
2817 2 1
2818 2 1
2819 2 1
2820 2 1
2821 2 1
2822 2 1
2823 2 1
2824 2 1
2825 2 1
2826 2 1
2827 2 1
2828 2 1
2829 2 1
2830 2 1
2831 2 1
2832 2 1
2833 2 1
2834 2 1
2835 2 1
2836 2 1
2837 2 1
2838 2 1
2839 2 1
2840 2 1
2841 2 1
2842 2 1
2843 2 1
2844 2 1
2845 2 1
2846 2 1
2847 2 1
2848 2 1
2849 2 1
2850 2 1
2851 2 1
2852 2 1
2853 2 1
2854 2 1
2855 2 1
2856 2 1
2857 2 1
2858 2 1
2859 2 1
2860 2 1
2861 2 1
2862 2 1
2863 2 1
2864 2 1
2865 2 1
2866 2 1
2867 2 1
2868 2 1
2869 2 1
2870 2 1
2871 2 1
2872 2 1
2873 2 1
2874 2 1
2875 2 1
2876 2 1
2877 2 1
2878 2 1
2879 2 1
2880 2 1
2881 2 1
2882 2 1
2883 2 1
2884 2 1
2885 2 1
2886 2 1
2887 2 1
2888 2 1
2889 2 1
2890 2 1
2891 2 1
2892 2 1
2893 2 1
2894 2 1
2895 2 1
2896 2 1
2897 2 1
2898 2 1
2899 2 1
2900 2 1
2901 2 1
2902 2 1
2903 2 1
2904 2 1
2905 2 1
2906 2 1
2907 2 1
2908 2 1
2909 2 1
2910 2 1
2911 2 1
2912 2 1
2913 2 1
2914 2 1
2915 2 1
2916 2 1
2917 2 1
2918 2 1
2919 2 1
2920 2 1
2921 2 1
2922 2 1
2923 2 1
2924 2 1
2925 2 1
2926 2 1
2927 2 1
2928 2 1
2929 2 1
2930 2 1
2931 2 1
2932 2 1
2933 2 1
2934 2 1
2935 2 1
2936 2 1
2937 2 1
2938 2 1
2939 2 1
2940 2 1
2941 2 1
2942 2 1
2943 2 1
2944 2 1
2945 2 1
2946 2 1
2947 2 1
2948 2 1
2949 2 1
2950 2 1
2951 2 1
2952 2 1
2953 2 1
2954 2 1
2955 2 1
2956 2 1
2957 2 1
2958 2 1
2959 2 1
2960 2 1
2961 2 1
2962 2 1
2963 2 1
2964 2 1
2965 2 1
2966 2 1
2967 2 1
2968 2 1
2969 2 1
2970 2 1
2971 2 1
2972 2 1
2973 2 1
2974 2 1
2975 2 1
2976 2 1
2977 2 1
2978 2 1
2979 2 1
2980 2 1
2981 2 1
2982 2 1
2983 2 1
2984 2 1
2985 2 1
2986 2 1
2987 2 1
2988 2 1
2989 2 1
2990 2 1
2991 2 1
2992 2 1
2993 2 1
2994 2 1
2995 2 1
2996 2 1
2997 2 1
2998 2 1
2999 2 1
3000 2 1
3001 2 1
3002 2 1
3003 2 1
3004 2 1
3005 2 1
3006 2 1
3007 2 1
3008 2 1
3009 2 1
3010 2 1
3011 2 1
3012 2 1
3013 2 1
3014 2 1
3015 2 1
3016 2 1
3017 2 1
3018 2 1
3019 2 1
3020 2 1
3021 2 1
3022 2 1
3023 2 1
3024 2 1
3025 2 1
3026 2 1
3027 2 1
3028 2 1
3029 2 1
3030 2 1
3031 2 1
3032 2 1
3033 2 1
3034 2 1
3035 2 1
3036 2 1
3037 2 1
3038 2 1
3039 2 1
3040 2 1
3041 2 1
3042 2 1
3043 2 1
3044 2 1
3045 2 1
3046 2 1
3047 2 1
3048 2 1
3049 2 1
3050 2 1
3051 2 1
3052 2 1
3053 2 1
3054 2 1
3055 2 1
3056 2 1
3057 2 1
3058 2 1
3059 2 1
3060 2 1
3061 2 1
3062 2 1
3063 2 1
3064 2 1
3065 2 1
3066 2 1
3067 2 1
3068 2 1
3069 2 1
3070 2 1
3071 2 1
3072 2 1
3073 2 1
3074 2 1
3075 2 1
3076 2 1
3077 2 1
3078 2 1
3079 2 1
3080 2 1
3081 2 1
3082 2 1
3083 2 1
3084 2 1
3085 2 1
3086 2 1
3087 2 1
3088 2 1
3089 2 1
3090 2 1
3091 2 1
3092 2 1
3093 2 1
3094 2 1
3095 2 1
3096 2 1
3097 2 1
3098 2 1
3099 2 1
3100 2 1
3101 2 1
3102 2 1
3103 2 1
3104 2 1
3105 2 1
3106 2 1
3107 2 1
3108 2 1
3109 2 1
3110 2 1
3111 2 1
3112 2 1
3113 2 1
3114 2 1
3115 2 1
3116 2 1
3117 2 1
3118 2 1
3119 2 1
3120 2 1
3121 2 1
3122 2 1
3123 2 1
3124 2 1
3125 2 1
3126 2 1
3127 2 1
3128 2 1
3129 3 1
3130 3 1
3131 3 1
3132 3 1
3133 3 1
3134 3 1
3135 3 1
3136 3 1
3137 3 1
3138 3 1
3139 3 1
3140 3 1
3141 3 1
3142 3 1
3143 3 1
3144 3 1
3145 3 1
3146 3 1
3147 3 1
3148 3 1
3149 3 1
3150 3 1
3151 3 1
3152 3 1
3153 3 1
3154 3 1
3155 3 1
3156 3 1
3157 3 1
3158 3 1
3159 3 1
3160 3 1
3161 3 1
3162 3 1
3163 3 1
3164 3 1
3165 3 1
3166 3 1
3167 3 1
3168 3 1
3169 3 1
3170 3 1
3171 3 1
3172 3 1
3173 3 1
3174 3 1
3175 3 1
3176 3 1
3177 3 1
3178 3 1
3179 3 1
3180 3 1
3181 3 1
3182 3 1
3183 3 1
3184 3 1
3185 3 1
3186 3 1
3187 3 1
3188 3 1
3189 3 1
3190 3 1
3191 3 1
3192 3 1
3193 3 1
3194 3 1
3195 3 1
3196 3 1
3197 3 1
3198 3 1
3199 3 1
3200 3 1
3201 3 1
3202 3 1
3203 3 1
3204 3 1
3205 3 1
3206 3 1
3207 3 1
3208 3 1
3209 3 1
3210 3 1
3211 3 1
3212 3 1
3213 3 1
3214 3 1
3215 3 1
3216 3 1
3217 3 1
3218 3 1
3219 3 1
3220 3 1
3221 3 1
3222 3 1
3223 3 1
3224 3 1
3225 3 1
3226 3 1
3227 3 1
3228 3 1
3229 3 1
3230 3 1
3231 3 1
3232 3 1
3233 3 1
3234 3 1
3235 3 1
3236 3 1
3237 3 1
3238 3 1
3239 3 1
3240 3 1
3241 3 1
3242 3 1
3243 3 1
3244 3 1
3245 3 1
3246 3 1
3247 3 1
3248 3 1
3249 3 1
3250 3 1
3251 3 1
3252 3 1
3253 3 1
3254 3 1
3255 3 1
3256 3 1
3257 3 1
3258 3 1
3259 3 1
3260 3 1
3261 3 1
3262 3 1
3263 3 1
3264 3 1
3265 3 1
3266 3 1
3267 3 1
3268 3 1
3269 3 1
3270 3 1
3271 3 1
3272 3 1
3273 3 1
3274 3 1
3275 3 1
3276 3 1
3277 3 1
3278 3 1
3279 3 1
3280 3 1
3281 3 1
3282 3 1
3283 3 1
3284 3 1
3285 3 1
3286 3 1
3287 3 1
3288 3 1
3289 3 1
3290 3 1
3291 3 1
3292 3 1
3293 3 1
3294 3 1
3295 3 1
3296 3 1
3297 3 1
3298 3 1
3299 3 1
3300 3 1
3301 3 1
3302 3 1
3303 3 1
3304 3 1
3305 3 1
3306 3 1
3307 3 1
3308 3 1
3309 3 1
3310 3 1
3311 3 1
3312 3 1
3313 3 1
3314 3 1
3315 3 1
3316 3 1
3317 3 1
3318 3 1
3319 3 1
3320 3 1
3321 3 1
3322 3 1
3323 3 1
3324 3 1
3325 3 1
3326 3 1
3327 3 1
3328 3 1
3329 3 1
3330 3 1
3331 3 1
3332 3 1
3333 3 1
3334 3 1
3335 3 1
3336 3 1
3337 3 1
3338 3 1
3339 3 1
3340 3 1
3341 3 1
3342 3 1
3343 3 1
3344 3 1
3345 3 1
3346 3 1
3347 3 1
3348 3 1
3349 3 1
3350 3 1
3351 3 1
3352 3 1
3353 3 1
3354 3 1
3355 3 1
3356 3 1
3357 3 1
3358 3 1
3359 3 1
3360 3 1
3361 3 1
3362 3 1
3363 3 1
3364 3 1
3365 3 1
3366 3 1
3367 3 1
3368 3 1
3369 3 1
3370 3 1
3371 3 1
3372 3 1
3373 3 1
3374 3 1
3375 3 1
3376 3 1
3377 3 1
3378 3 1
3379 3 1
3380 3 1
3381 3 1
3382 3 1
3383 3 1
3384 3 1
3385 3 1
3386 3 1
3387 3 1
3388 3 1
3389 3 1
3390 3 1
3391 3 1
3392 3 1
3393 3 1
3394 3 1
3395 3 1
3396 3 1
3397 3 1
3398 3 1
3399 3 1
3400 3 1
3401 3 1
3402 3 1
3403 3 1
3404 3 1
3405 3 1
3406 3 1
3407 3 1
3408 3 1
3409 3 1
3410 3 1
3411 3 1
3412 3 1
3413 3 1
3414 3 1
3415 3 1
3416 3 1
3417 3 1
3418 3 1
3419 3 1
3420 3 1
3421 3 1
3422 3 1
3423 3 1
3424 3 1
3425 3 1
3426 3 1
3427 3 1
3428 3 1
3429 3 1
3430 3 1
3431 3 1
3432 3 1
3433 3 1
3434 3 1
3435 3 1
3436 3 1
3437 3 1
3438 3 1
3439 3 1
3440 3 1
3441 3 1
3442 3 1
3443 3 1
3444 3 1
3445 3 1
3446 3 1
3447 3 1
3448 3 1
3449 3 1
3450 3 1
3451 3 1
3452 3 1
3453 3 1
3454 3 1
3455 3 1
3456 3 1
3457 3 1
3458 3 1
3459 3 1
3460 3 1
3461 3 1
3462 3 1
3463 3 1
3464 3 1
3465 3 1
3466 3 1
3467 3 1
3468 3 1
3469 3 1
3470 3 1
3471 3 1
3472 3 1
3473 3 1
3474 3 1
3475 3 1
3476 3 1
3477 3 1
3478 3 1
3479 3 1
3480 3 1
3481 3 1
3482 3 1
3483 3 1
3484 3 1
3485 3 1
3486 3 1
3487 3 1
3488 3 1
3489 3 1
3490 3 1
3491 3 1
3492 3 1
3493 3 1
3494 3 1
3495 3 1
3496 3 1
3497 3 1
3498 3 1
3499 3 1
3500 3 1
3501 3 1
3502 3 1
3503 3 1
3504 3 1
3505 3 1
3506 3 1
3507 3 1
3508 3 1
3509 3 1
3510 3 1
3511 3 1
3512 3 1
3513 3 1
3514 3 1
3515 3 1
3516 3 1
3517 3 1
3518 3 1
3519 3 1
3520 3 1
3521 3 1
3522 3 1
3523 3 1
3524 3 1
3525 3 1
3526 3 1
3527 3 1
3528 3 1
3529 3 1
3530 3 1
3531 3 1
3532 3 1
3533 3 1
3534 3 1
3535 3 1
3536 3 1
3537 3 1
3538 3 1
3539 3 1
3540 3 1
3541 3 1
3542 3 1
3543 3 1
3544 3 1
3545 3 1
3546 3 1
3547 3 1
3548 3 1
3549 3 1
3550 3 1
3551 3 1
3552 3 1
3553 3 1
3554 3 1
3555 3 1
3556 3 1
3557 3 1
3558 3 1
3559 3 1
3560 3 1
3561 3 1
3562 3 1
3563 3 1
3564 3 1
3565 3 1
3566 3 1
3567 3 1
3568 3 1
3569 3 1
3570 3 1
3571 3 1
3572 3 1
3573 3 1
3574 3 1
3575 3 1
3576 3 1
3577 3 1
3578 3 1
3579 3 1
3580 3 1
3581 3 1
3582 3 1
3583 3 1
3584 3 1
3585 3 1
3586 3 1
3587 3 1
3588 3 1
3589 3 1
3590 3 1
3591 3 1
3592 3 1
3593 3 1
3594 3 1
3595 3 1
3596 3 1
3597 3 1
3598 3 1
3599 3 1
3600 3 1
3601 3 1
3602 3 1
3603 3 1
3604 3 1
3605 3 1
3606 3 1
3607 3 1
3608 3 1
3609 3 1
3610 3 1
3611 3 1
3612 3 1
3613 3 1
3614 3 1
3615 3 1
3616 3 1
3617 3 1
3618 3 1
3619 3 1
3620 3 1
3621 3 1
3622 3 1
3623 3 1
3624 3 1
3625 3 1
3626 3 1
3627 3 1
3628 3 1
3629 3 1
3630 3 1
3631 3 1
3632 3 1
3633 3 1
3634 3 1
3635 3 1
3636 3 1
3637 3 1
3638 3 1
3639 3 1
3640 3 1
3641 3 1
3642 3 1
3643 3 1
3644 3 1
3645 3 1
3646 3 1
3647 3 1
3648 3 1
3649 3 1
3650 3 1
3651 3 1
3652 3 1
3653 3 1
3654 3 1
3655 3 1
3656 3 1
3657 3 1
3658 3 1
3659 3 1
3660 3 1
3661 3 1
3662 3 1
3663 3 1
3664 3 1
3665 3 1
3666 3 1
3667 3 1
3668 3 1
3669 3 1
3670 3 1
3671 3 1
3672 3 1
3673 3 1
3674 3 1
3675 3 1
3676 3 1
3677 3 1
3678 3 1
3679 3 1
3680 3 1
3681 3 1
3682 3 1
3683 3 1
3684 3 1
3685 3 1
3686 3 1
3687 3 1
3688 3 1
3689 3 1
3690 3 1
3691 3 1
3692 3 1
3693 3 1
3694 3 1
3695 3 1
3696 3 1
3697 3 1
3698 3 1
3699 3 1
3700 3 1
3701 3 1
3702 3 1
3703 3 1
3704 3 1
3705 3 1
3706 3 1
3707 3 1
3708 3 1
3709 3 1
3710 3 1
3711 3 1
3712 3 1
3713 3 1
3714 3 1
3715 3 1
3716 3 1
3717 3 1
3718 3 1
3719 3 1
3720 3 1
3721 3 1
3722 3 1
3723 3 1
3724 3 1
3725 3 1
3726 3 1
3727 3 1
3728 3 1
3729 3 1
3730 3 1
3731 3 1
3732 3 1
3733 3 1
3734 3 1
3735 3 1
3736 3 1
3737 3 1
3738 3 1
3739 3 1
3740 3 1
3741 3 1
3742 3 1
3743 3 1
3744 3 1
3745 3 1
3746 3 1
3747 3 1
3748 3 1
3749 3 1
3750 3 1
3751 3 1
3752 3 1
3753 3 1
3754 3 1
3755 3 1
3756 3 1
3757 3 1
3758 3 1
3759 3 1
3760 3 1
3761 3 1
3762 3 1
3763 3 1
3764 3 1
3765 3 1
3766 3 1
3767 3 1
3768 3 1
3769 3 1
3770 3 1
3771 3 1
3772 3 1
3773 3 1
3774 3 1
3775 3 1
3776 3 1
3777 3 1
3778 3 1
3779 3 1
3780 3 1
3781 3 1
3782 3 1
3783 3 1
3784 3 1
3785 3 1
3786 3 1
3787 3 1
3788 3 1
3789 3 1
3790 3 1
3791 3 1
3792 3 1
3793 3 1
3794 3 1
3795 3 1
3796 3 1
3797 3 1
3798 3 1
3799 3 1
3800 3 1
3801 3 1
3802 3 1
3803 3 1
3804 3 1
3805 3 1
3806 3 1
3807 3 1
3808 3 1
3809 3 1
3810 3 1
3811 3 1
3812 3 1
3813 3 1
3814 3 1
3815 3 1
3816 3 1
3817 3 1
3818 3 1
3819 3 1
3820 3 1
3821 3 1
3822 3 1
3823 3 1
3824 3 1
3825 3 1
3826 3 1
3827 3 1
3828 3 1
3829 3 1
3830 3 1
3831 3 1
3832 3 1
3833 3 1
3834 3 1
3835 3 1
3836 3 1
3837 3 1
3838 3 1
3839 3 1
3840 3 1
3841 3 1
3842 3 1
3843 3 1
3844 3 1
3845 3 1
3846 3 1
3847 3 1
3848 3 1
3849 3 1
3850 3 1
3851 3 1
3852 3 1
3853 3 1
3854 3 1
3855 3 1
3856 3 1
3857 3 1
3858 3 1
3859 3 1
3860 3 1
3861 3 1
3862 3 1
3863 3 1
3864 3 1
3865 3 1
3866 3 1
3867 3 1
3868 3 1
3869 3 1
3870 3 1
3871 3 1
3872 3 1
3873 3 1
3874 3 1
3875 3 1
3876 3 1
3877 3 1
3878 3 1
3879 3 1
3880 3 1
3881 3 1
3882 3 1
3883 3 1
3884 3 1
3885 3 1
3886 3 1
3887 3 1
3888 3 1
3889 3 1
3890 3 1
3891 3 1
3892 3 1
3893 3 1
3894 3 1
3895 3 1
3896 3 1
3897 3 1
3898 3 1
3899 3 1
3900 3 1
3901 3 1
3902 3 1
3903 3 1
3904 3 1
3905 3 1
3906 3 1
3907 3 1
3908 3 1
3909 3 1
3910 3 1
3911 3 1
3912 3 1
3913 3 1
3914 3 1
3915 3 1
3916 3 1
3917 3 1
3918 3 1
3919 3 1
3920 3 1
3921 3 1
3922 3 1
3923 3 1
3924 3 1
3925 3 1
3926 3 1
3927 3 1
3928 3 1
3929 3 1
3930 3 1
3931 3 1
3932 3 1
3933 3 1
3934 3 1
3935 3 1
3936 3 1
3937 3 1
3938 3 1
3939 3 1
3940 3 1
3941 3 1
3942 3 1
3943 3 1
3944 3 1
3945 3 1
3946 3 1
3947 3 1
3948 3 1
3949 3 1
3950 3 1
3951 3 1
3952 3 1
3953 3 1
3954 3 1
3955 3 1
3956 3 1
3957 3 1
3958 3 1
3959 3 1
3960 3 1
3961 3 1
3962 3 1
3963 3 1
3964 3 1
3965 3 1
3966 3 1
3967 3 1
3968 3 1
3969 3 1
3970 3 1
3971 3 1
3972 3 1
3973 3 1
3974 3 1
3975 3 1
3976 3 1
3977 3 1
3978 3 1
3979 3 1
3980 3 1
3981 3 1
3982 3 1
3983 3 1
3984 3 1
3985 3 1
3986 3 1
3987 3 1
3988 3 1
3989 3 1
3990 3 1
3991 3 1
3992 3 1
3993 3 1
3994 3 1
3995 3 1
3996 3 1
3997 3 1
3998 3 1
3999 3 1
4000 3 1
4001 3 1
4002 3 1
4003 3 1
4004 3 1
4005 3 1
4006 3 1
4007 3 1
4008 3 1
4009 3 1
4010 3 1
4011 3 1
4012 3 1
4013 3 1
4014 3 1
4015 3 1
4016 3 1
4017 3 1
4018 3 1
4019 3 1
4020 3 1
4021 3 1
4022 3 1
4023 3 1
4024 3 1
4025 3 1
4026 3 1
4027 3 1
4028 3 1
4029 3 1
4030 3 1
4031 3 1
4032 3 1
4033 3 1
4034 3 1
4035 3 1
4036 3 1
4037 3 1
4038 3 1
4039 3 1
4040 3 1
4041 3 1
4042 3 1
4043 3 1
4044 3 1
4045 3 1
4046 3 1
4047 3 1
4048 3 1
4049 3 1
4050 3 1
4051 3 1
4052 3 1
4053 3 1
4054 3 1
4055 3 1
4056 3 1
4057 3 1
4058 3 1
4059 3 1
4060 3 1
4061 3 1
4062 3 1
4063 3 1
4064 3 1
4065 3 1
4066 3 1
4067 3 1
4068 3 1
4069 3 1
4070 3 1
4071 3 1
4072 3 1
4073 3 1
4074 3 1
4075 3 1
4076 3 1
4077 3 1
4078 3 1
4079 3 1
4080 3 1
4081 3 1
4082 3 1
4083 3 1
4084 3 1
4085 3 1
4086 3 1
4087 3 1
4088 3 1
4089 3 1
4090 3 1
4091 3 1
4092 3 1
4093 3 1
4094 3 1
4095 3 1
4096 3 1
4097 3 1
4098 3 1
4099 3 1
4100 3 1
4101 3 1
4102 3 1
4103 3 1
4104 3 1
4105 3 1
4106 3 1
4107 3 1
4108 3 1
4109 3 1
4110 3 1
4111 3 1
4112 3 1
4113 3 1
4114 3 1
4115 3 1
4116 3 1
4117 3 1
4118 3 1
4119 3 1
4120 3 1
4121 3 1
4122 3 1
4123 3 1
4124 3 1
4125 3 1
4126 3 1
4127 3 1
4128 3 1
4129 3 1
4130 3 1
4131 3 1
4132 3 1
4133 3 1
4134 3 1
4135 3 1
4136 3 1
4137 3 1
4138 3 1
4139 3 1
4140 3 1
4141 3 1
4142 3 1
4143 3 1
4144 3 1
4145 3 1
4146 3 1
4147 3 1
4148 3 1
4149 3 1
4150 3 1
4151 3 1
4152 3 1
4153 3 1
4154 3 1
4155 3 1
4156 3 1
4157 3 1
4158 3 1
4159 3 1
4160 3 1
4161 3 1
4162 3 1
4163 3 1
4164 3 1
4165 3 1
4166 3 1
4167 3 1
4168 3 1
4169 3 1
4170 3 1
4171 3 1
4172 3 1
4173 3 1
4174 3 1
4175 3 1
4176 3 1
4177 3 1
4178 3 1
4179 3 1
4180 3 1
4181 3 1
4182 3 1
4183 3 1
4184 3 1
4185 3 1
4186 3 1
4187 3 1
4188 3 1
4189 3 1
4190 3 1
4191 3 1
4192 3 1
4193 3 1
4194 3 1
4195 3 1
4196 3 1
4197 3 1
4198 3 1
4199 3 1
4200 3 1
4201 3 1
4202 3 1
4203 3 1
4204 3 1
4205 3 1
4206 3 1
4207 3 1
4208 3 1
4209 3 1
4210 3 1
4211 3 1
4212 3 1
4213 3 1
4214 3 1
4215 3 1
4216 3 1
4217 3 1
4218 3 1
4219 3 1
4220 3 1
4221 3 1
4222 3 1
4223 3 1
4224 3 1
4225 3 1
4226 3 1
4227 3 1
4228 3 1
4229 3 1
4230 3 1
4231 3 1
4232 3 1
4233 3 1
4234 3 1
4235 3 1
4236 3 1
4237 3 1
4238 3 1
4239 3 1
4240 3 1
4241 3 1
4242 3 1
4243 3 1
4244 3 1
4245 3 1
4246 3 1
4247 3 1
4248 3 1
4249 3 1
4250 3 1
4251 3 1
4252 3 1
4253 3 1
4254 3 1
4255 3 1
4256 3 1
4257 3 1
4258 3 1
4259 3 1
4260 3 1
4261 3 1
4262 3 1
4263 3 1
4264 3 1
4265 3 1
4266 3 1
4267 3 1
4268 3 1
4269 3 1
4270 3 1
4271 3 1
4272 3 1
4273 3 1
4274 3 1
4275 3 1
4276 3 1
4277 3 1
4278 3 1
4279 3 1
4280 3 1
4281 3 1
4282 3 1
4283 3 1
4284 3 1
4285 3 1
4286 3 1
4287 3 1
4288 3 1
4289 3 1
4290 3 1
4291 3 1
4292 3 1
4293 3 1
4294 3 1
4295 3 1
4296 3 1
4297 3 1
4298 3 1
4299 3 1
4300 3 1
4301 3 1
4302 3 1
4303 3 1
4304 3 1
4305 3 1
4306 3 1
4307 3 1
4308 3 1
4309 3 1
4310 3 1
4311 3 1
4312 3 1
4313 3 1
4314 3 1
4315 3 1
4316 3 1
4317 3 1
4318 3 1
4319 3 1
4320 3 1
4321 3 1
4322 3 1
4323 3 1
4324 3 1
4325 3 1
4326 3 1
4327 3 1
4328 3 1
4329 3 1
4330 3 1
4331 3 1
4332 3 1
4333 3 1
4334 3 1
4335 3 1
4336 3 1
4337 3 1
4338 3 1
4339 3 1
4340 3 1
4341 3 1
4342 3 1
4343 3 1
4344 3 1
4345 3 1
4346 3 1
4347 3 1
4348 3 1
4349 3 1
4350 3 1
4351 3 1
4352 3 1
4353 3 1
4354 3 1
4355 3 1
4356 3 1
4357 3 1
4358 3 1
4359 3 1
4360 3 1
4361 3 1
4362 3 1
4363 3 1
4364 3 1
4365 3 1
4366 3 1
4367 3 1
4368 3 1
4369 3 1
4370 3 1
4371 3 1
4372 3 1
4373 3 1
4374 3 1
4375 3 1
4376 3 1
4377 3 1
4378 3 1
4379 3 1
4380 3 1
4381 3 1
4382 3 1
4383 3 1
4384 3 1
4385 3 1
4386 3 1
4387 3 1
4388 3 1
4389 3 1
4390 3 1
4391 3 1
4392 3 1
4393 3 1
4394 3 1
4395 3 1
4396 3 1
4397 3 1
4398 3 1
4399 3 1
4400 3 1
4401 3 1
4402 3 1
4403 3 1
4404 3 1
4405 3 1
4406 3 1
4407 3 1
4408 3 1
4409 3 1
4410 3 1
4411 3 1
4412 3 1
4413 3 1
4414 3 1
4415 3 1
4416 3 1
4417 3 1
4418 3 1
4419 3 1
4420 3 1
4421 3 1
4422 3 1
4423 3 1
4424 3 1
4425 3 1
4426 3 1
4427 3 1
4428 3 1
4429 3 1
4430 3 1
4431 3 1
4432 3 1
4433 3 1
4434 3 1
4435 3 1
4436 3 1
4437 3 1
4438 3 1
4439 3 1
4440 3 1
4441 3 1
4442 3 1
4443 3 1
4444 3 1
4445 3 1
4446 3 1
4447 3 1
4448 3 1
4449 3 1
4450 3 1
4451 3 1
4452 3 1
4453 3 1
4454 3 1
4455 3 1
4456 3 1
4457 3 1
4458 3 1
4459 3 1
4460 3 1
4461 3 1
4462 3 1
4463 3 1
4464 3 1
4465 3 1
4466 3 1
4467 3 1
4468 3 1
4469 3 1
4470 3 1
4471 3 1
4472 3 1
4473 3 1
4474 3 1
4475 3 1
4476 3 1
4477 3 1
4478 3 1
4479 3 1
4480 3 1
4481 3 1
4482 3 1
4483 3 1
4484 3 1
4485 3 1
4486 3 1
4487 3 1
4488 3 1
4489 3 1
4490 3 1
4491 3 1
4492 3 1
4493 3 1
4494 3 1
4495 3 1
4496 3 1
4497 3 1
4498 3 1
4499 3 1
4500 3 1
4501 3 1
4502 3 1
4503 3 1
4504 3 1
4505 3 1
4506 3 1
4507 3 1
4508 3 1
4509 3 1
4510 3 1
4511 3 1
4512 3 1
4513 3 1
4514 3 1
4515 3 1
4516 3 1
4517 3 1
4518 3 1
4519 3 1
4520 3 1
4521 3 1
4522 3 1
4523 3 1
4524 3 1
4525 3 1
4526 3 1
4527 3 1
4528 3 1
4529 3 1
4530 3 1
4531 3 1
4532 3 1
4533 3 1
4534 3 1
4535 3 1
4536 3 1
4537 3 1
4538 3 1
4539 3 1
4540 3 1
4541 3 1
4542 3 1
4543 3 1
4544 3 1
4545 3 1
4546 3 1
4547 3 1
4548 3 1
4549 3 1
4550 3 1
4551 3 1
4552 3 1
4553 3 1
4554 3 1
4555 3 1
4556 3 1
4557 3 1
4558 3 1
4559 3 1
4560 3 1
4561 3 1
4562 3 1
4563 3 1
4564 3 1
4565 3 1
4566 3 1
4567 3 1
4568 3 1
4569 3 1
4570 3 1
4571 3 1
4572 3 1
4573 3 1
4574 3 1
4575 3 1
4576 3 1
4577 3 1
4578 3 1
4579 3 1
4580 3 1
4581 3 1
4582 3 1
4583 3 1
4584 3 1
4585 3 1
4586 3 1
4587 3 1
4588 3 1
4589 3 1
4590 3 1
4591 3 1
4592 3 1
4593 3 1
4594 3 1
4595 3 1
4596 3 1
4597 3 1
4598 3 1
4599 3 1
4600 3 1
4601 3 1
4602 3 1
4603 3 1
4604 3 1
4605 3 1
4606 3 1
4607 3 1
4608 3 1
4609 3 1
4610 3 1
4611 3 1
4612 3 1
4613 3 1
4614 3 1
4615 3 1
4616 3 1
4617 3 1
4618 3 1
4619 3 1
4620 3 1
4621 3 1
4622 3 1
4623 3 1
4624 3 1
4625 3 1
4626 3 1
4627 3 1
4628 3 1
4629 3 1
4630 3 1
4631 3 1
4632 3 1
4633 3 1
4634 3 1
4635 3 1
4636 3 1
4637 3 1
4638 3 1
4639 3 1
4640 3 1
4641 3 1
4642 3 1
4643 3 1
4644 3 1
4645 3 1
4646 3 1
4647 3 1
4648 3 1
4649 3 1
4650 3 1
4651 3 1
4652 3 1
4653 3 1
4654 3 1
4655 3 1
4656 3 1
4657 3 1
4658 3 1
4659 3 1
4660 3 1
4661 3 1
4662 3 1
4663 3 1
4664 3 1
4665 3 1
4666 3 1
4667 3 1
4668 3 1
4669 3 1
4670 3 1
4671 3 1
4672 3 1
4673 3 1
4674 3 1
4675 3 1
4676 3 1
4677 3 1
4678 3 1
4679 3 1
4680 3 1
4681 3 1
4682 3 1
4683 3 1
4684 3 1
4685 3 1
4686 3 1
4687 3 1
4688 3 1
4689 3 1
4690 3 1
4691 3 1
4692 3 1
4693 3 1
4694 3 1
4695 3 1
4696 3 1
4697 3 1
4698 3 1
4699 3 1
4700 3 1
4701 3 1
4702 3 1
4703 3 1
4704 3 1
4705 3 1
4706 3 1
4707 3 1
4708 3 1
4709 3 1
4710 3 1
4711 3 1
4712 3 1
4713 3 1
4714 3 1
4715 3 1
4716 3 1
4717 3 1
4718 3 1
4719 3 1
4720 3 1
4721 3 1
4722 3 1
4723 3 1
4724 3 1
4725 3 1
4726 3 1
4727 3 1
4728 4 1
