19058
1423
4085
1117
690
1731
6166
1885
19880
10456
6112
725
16643
9677
2573
7664
2878
21762
7165
2096
601
9559
13562
15468
1185
8922
3071
6462
18662
7055
1675
728
12167
4744
2020
6471
5809
14760
6226
9538
14123
7904
6515
4019
1966
1682
12812
95
5629
17739
8492
691
390
6517
13253
10604
3367
3327
10993
21710
12821
13538
189
3216
14607
3783
8472
7904
5287
16644
19233
4423
5535
6988
13817
1458
3513
19448
6417
9250
17478
2176
4714
11487
9348
16344
1763
349
8864
6114
10492
6906
1572
4458
6843
21388
12064
9434
140
3514325
